#
# There is insufficient memory for the Java Runtime Environment to continue.
# Native memory allocation (malloc) failed to allocate 32744 bytes for ChunkPool::allocate
# Possible reasons:
#   The system is out of physical RAM or swap space
#   In 32 bit mode, the process size limit was hit
# Possible solutions:
#   Reduce memory load on the system
#   Increase physical memory or swap space
#   Check if swap backing store is full
#   Use 64 bit Java on a 64 bit OS
#   Decrease Java heap size (-Xmx/-Xms)
#   Decrease number of Java threads
#   Decrease Java thread stack sizes (-Xss)
#   Set larger code cache with -XX:ReservedCodeCacheSize=
# This output file may be truncated or incomplete.
#
#  Out of Memory Error (allocation.cpp:273), pid=3176, tid=0x00000000000006e4
#
# JRE version: OpenJDK Runtime Environment (8.0_152-b01) (build 1.8.0_152-release-1343-b01)
# Java VM: OpenJDK 64-Bit Server VM (25.152-b01 mixed mode windows-amd64 compressed oops)
# Failed to write core dump. Minidumps are not enabled by default on client versions of Windows
#

---------------  T H R E A D  ---------------

Current thread (0x0000000056729800):  VMThread [stack: 0x0000000057980000,0x0000000057a80000] [id=1764]

Stack: [0x0000000057980000,0x0000000057a80000]
[error occurred during error reporting (printing stack bounds), id 0xc0000005]

Native frames: (J=compiled Java code, j=interpreted, Vv=VM code, C=native code)

VM_Operation (0x000000005c5fc550): BulkRevokeBias, mode: safepoint, requested by thread 0x0000000059f64800


---------------  P R O C E S S  ---------------

Java Threads: ( => current thread )
  0x00000000602bb800 JavaThread "ForkJoinPool.commonPool-worker-0" daemon [_thread_blocked, id=6024, stack(0x0000000065ce0000,0x0000000065de0000)]
  0x00000000602b9000 JavaThread "Cache worker for Java compile cache (I:\E\project-as\sdktongyong\.gradle\5.1.1\javaCompile)" [_thread_blocked, id=372, stack(0x00000000679a0000,0x0000000067aa0000)]
  0x000000005a582000 JavaThread "pool-172-thread-1" [_thread_blocked, id=8476, stack(0x00000000634c0000,0x00000000635c0000)]
  0x000000005a582800 JavaThread "Build operations Thread 4" [_thread_blocked, id=7116, stack(0x00000000636f0000,0x00000000637f0000)]
  0x000000005a580800 JavaThread "Build operations Thread 3" [_thread_blocked, id=2648, stack(0x0000000063ce0000,0x0000000063de0000)]
  0x000000005a57f800 JavaThread "Build operations Thread 2" [_thread_blocked, id=6544, stack(0x0000000058780000,0x0000000058880000)]
  0x000000005a585000 JavaThread "Build operations" [_thread_blocked, id=3244, stack(0x00000000635e0000,0x00000000636e0000)]
  0x000000005a581000 JavaThread "Cache worker for cache directory md-rule (C:\Users\Administrator\.gradle\caches\5.1.1\md-rule)" [_thread_blocked, id=6700, stack(0x0000000060af0000,0x0000000060bf0000)]
  0x0000000059f60000 JavaThread "Cache worker for cache directory md-supplier (C:\Users\Administrator\.gradle\caches\5.1.1\md-supplier)" [_thread_blocked, id=4980, stack(0x0000000061770000,0x0000000061870000)]
  0x0000000059f63000 JavaThread "Cache worker for file hash cache (I:\E\project-as\sdktongyong\.gradle\5.1.1\fileHashes)" [_thread_blocked, id=5776, stack(0x0000000061380000,0x0000000061480000)]
  0x0000000059f5f000 JavaThread "Thread-868" [_thread_blocked, id=8424, stack(0x000000005efb0000,0x000000005f0b0000)]
  0x0000000059f65000 JavaThread "Asynchronous log dispatcher for DefaultDaemonConnection: socket connection from /127.0.0.1:50631 to /127.0.0.1:64084" [_thread_blocked, id=9700, stack(0x000000005bee0000,0x000000005bfe0000)]
  0x0000000059f64800 JavaThread "Daemon worker Thread 33" [_thread_blocked, id=7520, stack(0x000000005c500000,0x000000005c600000)]
  0x0000000059f60800 JavaThread "Cancel handler" [_thread_blocked, id=5316, stack(0x000000005c1c0000,0x000000005c2c0000)]
  0x0000000059f63800 JavaThread "Handler for socket connection from /127.0.0.1:50631 to /127.0.0.1:64084" [_thread_in_native, id=4460, stack(0x000000005bfe0000,0x000000005c0e0000)]
  0x0000000059f66000 JavaThread "Daemon Thread 33" [_thread_blocked, id=8044, stack(0x000000005b900000,0x000000005ba00000)]
  0x000000005ccaa800 JavaThread "MarlinRenderer Disposer" daemon [_thread_blocked, id=456, stack(0x0000000069ee0000,0x0000000069fe0000)]
  0x000000005ccad800 JavaThread "Java2D Disposer" daemon [_thread_blocked, id=8812, stack(0x0000000066c20000,0x0000000066d20000)]
  0x000000005ac35000 JavaThread "Cache worker for Java compile cache (C:\Users\Administrator\.gradle\caches\5.1.1\javaCompile)" [_thread_blocked, id=6048, stack(0x00000000643d0000,0x00000000644d0000)]
  0x000000005a625000 JavaThread "Cache worker for file content cache (C:\Users\Administrator\.gradle\caches\5.1.1\fileContent)" [_thread_blocked, id=7872, stack(0x0000000063180000,0x0000000063280000)]
  0x000000005a624800 JavaThread "Memory manager" [_thread_blocked, id=5880, stack(0x00000000628d0000,0x00000000629d0000)]
  0x000000005a61d800 JavaThread "Cache worker for execution history cache (C:\Users\Administrator\.gradle\caches\5.1.1\executionHistory)" [_thread_blocked, id=7164, stack(0x0000000060bf0000,0x0000000060cf0000)]
  0x000000005a617000 JavaThread "Cache worker for journal cache (C:\Users\Administrator\.gradle\caches\journal-1)" [_thread_blocked, id=4664, stack(0x000000005c8b0000,0x000000005c9b0000)]
  0x000000005a616000 JavaThread "File lock request listener" [_thread_in_native, id=5984, stack(0x000000005c670000,0x000000005c770000)]
  0x000000005a361000 JavaThread "Cache worker for file hash cache (C:\Users\Administrator\.gradle\caches\5.1.1\fileHashes)" [_thread_blocked, id=7584, stack(0x000000005c3e0000,0x000000005c4e0000)]
  0x000000005a0ff800 JavaThread "Daemon periodic checks" [_thread_blocked, id=8024, stack(0x000000005b800000,0x000000005b900000)]
  0x000000005985c000 JavaThread "Incoming local TCP Connector on port 50631" [_thread_in_native, id=7316, stack(0x0000000058990000,0x0000000058a90000)]
  0x0000000057c3a800 JavaThread "Service Thread" daemon [_thread_blocked, id=7396, stack(0x0000000058890000,0x0000000058990000)]
  0x0000000057c36000 JavaThread "C1 CompilerThread2" daemon [_thread_blocked, id=7648, stack(0x0000000058000000,0x0000000058100000)]
  0x0000000057bdd000 JavaThread "C2 CompilerThread1" daemon [_thread_in_native, id=6308, stack(0x0000000058680000,0x0000000058780000)]
  0x0000000057bcb800 JavaThread "C2 CompilerThread0" daemon [_thread_blocked, id=8064, stack(0x0000000058520000,0x0000000058620000)]
  0x0000000057bc9000 JavaThread "Attach Listener" daemon [_thread_blocked, id=4516, stack(0x0000000058330000,0x0000000058430000)]
  0x0000000057bc8800 JavaThread "Signal Dispatcher" daemon [_thread_blocked, id=3520, stack(0x00000000581b0000,0x00000000582b0000)]
  0x0000000056778000 JavaThread "Finalizer" daemon [_thread_blocked, id=5224, stack(0x0000000057ac0000,0x0000000057bc0000)]
  0x0000000056731000 JavaThread "Reference Handler" daemon [_thread_blocked, id=3460, stack(0x00000000577d0000,0x00000000578d0000)]
  0x00000000001de800 JavaThread "main" [_thread_blocked, id=5272, stack(0x00000000022b0000,0x00000000023b0000)]

Other Threads:
=>0x0000000056729800 VMThread [stack: 0x0000000057980000,0x0000000057a80000] [id=1764]
  0x0000000057c3c800 WatcherThread [stack: 0x0000000058ad0000,0x0000000058bd0000] [id=6932]

VM state:at safepoint (normal execution)

VM Mutex/Monitor currently owned by a thread:  ([mutex/lock_event])
[0x00000000001dc590] Threads_lock - owner thread: 0x0000000056729800

Heap:
 PSYoungGen      total 340480K, used 212170K [0x00000000e0000000, 0x00000000f8f80000, 0x0000000100000000)
  eden space 281088K, 54% used [0x00000000e0000000,0x00000000e9534a08,0x00000000f1280000)
  from space 59392K, 99% used [0x00000000f1280000,0x00000000f4c7dfc0,0x00000000f4c80000)
  to   space 48128K, 0% used [0x00000000f4c80000,0x00000000f4c80000,0x00000000f7b80000)
 ParOldGen       total 293376K, used 198570K [0x00000000a0000000, 0x00000000b1e80000, 0x00000000e0000000)
  object space 293376K, 67% used [0x00000000a0000000,0x00000000ac1eaba8,0x00000000b1e80000)
 Metaspace       used 126180K, capacity 133256K, committed 133592K, reserved 1167360K
  class space    used 15279K, capacity 16500K, committed 16640K, reserved 1048576K

Card table byte_map: [0x0000000011770000,0x0000000011a80000] byte_map_base: 0x0000000011270000

Marking Bits: (ParMarkBitMap*) 0x0000000055d15aa0
 Begin Bits: [0x0000000012240000, 0x0000000013a40000)
 End Bits:   [0x0000000013a40000, 0x0000000015240000)

Polling page: 0x0000000000110000

CodeCache: size=245760Kb used=103504Kb max_used=103652Kb free=142255Kb
 bounds [0x00000000023b0000, 0x00000000089b0000, 0x00000000113b0000]
 total_blobs=27725 nmethods=26653 adapters=981
 compilation: enabled

Compilation events (10 events):
Event: 28398.627 Thread 0x0000000057bcb800 38489       4       org.gradle.internal.logging.text.AbstractStyledTextOutput::text (19 bytes)
Event: 28398.628 Thread 0x0000000057bcb800 nmethod 38489 0x00000000067a5a10 code [0x00000000067a5b60, 0x00000000067a5c18]
Event: 28398.631 Thread 0x0000000057c36000 38490       3       org.gradle.internal.logging.services.TextStreamOutputEventListener::onTextEvent (44 bytes)
Event: 28398.632 Thread 0x0000000057c36000 nmethod 38490 0x00000000080c9050 code [0x00000000080c9240, 0x00000000080c9d48]
Event: 28398.633 Thread 0x0000000057bcb800 38493       4       java.io.ObjectOutputStream::writeHandle (21 bytes)
Event: 28398.634 Thread 0x0000000057c36000 38491       3       java.lang.Throwable::toString (45 bytes)
Event: 28398.635 Thread 0x0000000057c36000 nmethod 38491 0x00000000067a2a50 code [0x00000000067a2c60, 0x00000000067a3878]
Event: 28398.635 Thread 0x0000000057bcb800 nmethod 38493 0x0000000002d348d0 code [0x0000000002d34a20, 0x0000000002d34be8]
Event: 28398.637 Thread 0x0000000057c36000 38492       3       java.lang.Throwable::getLocalizedMessage (5 bytes)
Event: 28398.637 Thread 0x0000000057c36000 nmethod 38492 0x000000000647d6d0 code [0x000000000647d840, 0x000000000647da48]

GC Heap History (10 events):
Event: 28208.158 GC heap before
{Heap before GC invocations=132 (full 5):
 PSYoungGen      total 325632K, used 291869K [0x00000000e0000000, 0x00000000f7200000, 0x0000000100000000)
  eden space 272384K, 100% used [0x00000000e0000000,0x00000000f0a00000,0x00000000f0a00000)
  from space 53248K, 36% used [0x00000000f3b80000,0x00000000f4e87540,0x00000000f6f80000)
  to   space 50688K, 0% used [0x00000000f0a00000,0x00000000f0a00000,0x00000000f3b80000)
 ParOldGen       total 293376K, used 78248K [0x00000000a0000000, 0x00000000b1e80000, 0x00000000e0000000)
  object space 293376K, 26% used [0x00000000a0000000,0x00000000a4c6a0a8,0x00000000b1e80000)
 Metaspace       used 126003K, capacity 133060K, committed 133592K, reserved 1167360K
  class space    used 15270K, capacity 16489K, committed 16640K, reserved 1048576K
Event: 28208.172 GC heap after
Heap after GC invocations=132 (full 5):
 PSYoungGen      total 323072K, used 19971K [0x00000000e0000000, 0x00000000f7b80000, 0x0000000100000000)
  eden space 272384K, 0% used [0x00000000e0000000,0x00000000e0000000,0x00000000f0a00000)
  from space 50688K, 39% used [0x00000000f0a00000,0x00000000f1d80d60,0x00000000f3b80000)
  to   space 48128K, 0% used [0x00000000f4c80000,0x00000000f4c80000,0x00000000f7b80000)
 ParOldGen       total 293376K, used 78776K [0x00000000a0000000, 0x00000000b1e80000, 0x00000000e0000000)
  object space 293376K, 26% used [0x00000000a0000000,0x00000000a4cee0f8,0x00000000b1e80000)
 Metaspace       used 126003K, capacity 133060K, committed 133592K, reserved 1167360K
  class space    used 15270K, capacity 16489K, committed 16640K, reserved 1048576K
}
Event: 28226.498 GC heap before
{Heap before GC invocations=133 (full 5):
 PSYoungGen      total 323072K, used 292355K [0x00000000e0000000, 0x00000000f7b80000, 0x0000000100000000)
  eden space 272384K, 100% used [0x00000000e0000000,0x00000000f0a00000,0x00000000f0a00000)
  from space 50688K, 39% used [0x00000000f0a00000,0x00000000f1d80d60,0x00000000f3b80000)
  to   space 48128K, 0% used [0x00000000f4c80000,0x00000000f4c80000,0x00000000f7b80000)
 ParOldGen       total 293376K, used 78776K [0x00000000a0000000, 0x00000000b1e80000, 0x00000000e0000000)
  object space 293376K, 26% used [0x00000000a0000000,0x00000000a4cee0f8,0x00000000b1e80000)
 Metaspace       used 126005K, capacity 133060K, committed 133592K, reserved 1167360K
  class space    used 15270K, capacity 16489K, committed 16640K, reserved 1048576K
Event: 28226.549 GC heap after
Heap after GC invocations=133 (full 5):
 PSYoungGen      total 329216K, used 48107K [0x00000000e0000000, 0x00000000f8f80000, 0x0000000100000000)
  eden space 281088K, 0% used [0x00000000e0000000,0x00000000e0000000,0x00000000f1280000)
  from space 48128K, 99% used [0x00000000f4c80000,0x00000000f7b7ae70,0x00000000f7b80000)
  to   space 59392K, 0% used [0x00000000f1280000,0x00000000f1280000,0x00000000f4c80000)
 ParOldGen       total 293376K, used 89546K [0x00000000a0000000, 0x00000000b1e80000, 0x00000000e0000000)
  object space 293376K, 30% used [0x00000000a0000000,0x00000000a57729d0,0x00000000b1e80000)
 Metaspace       used 126005K, capacity 133060K, committed 133592K, reserved 1167360K
  class space    used 15270K, capacity 16489K, committed 16640K, reserved 1048576K
}
Event: 28250.390 GC heap before
{Heap before GC invocations=134 (full 5):
 PSYoungGen      total 329216K, used 329195K [0x00000000e0000000, 0x00000000f8f80000, 0x0000000100000000)
  eden space 281088K, 100% used [0x00000000e0000000,0x00000000f1280000,0x00000000f1280000)
  from space 48128K, 99% used [0x00000000f4c80000,0x00000000f7b7ae70,0x00000000f7b80000)
  to   space 59392K, 0% used [0x00000000f1280000,0x00000000f1280000,0x00000000f4c80000)
 ParOldGen       total 293376K, used 89546K [0x00000000a0000000, 0x00000000b1e80000, 0x00000000e0000000)
  object space 293376K, 30% used [0x00000000a0000000,0x00000000a57729d0,0x00000000b1e80000)
 Metaspace       used 126061K, capacity 133124K, committed 133592K, reserved 1167360K
  class space    used 15272K, capacity 16489K, committed 16640K, reserved 1048576K
Event: 28250.448 GC heap after
Heap after GC invocations=134 (full 5):
 PSYoungGen      total 340480K, used 59375K [0x00000000e0000000, 0x00000000f8f80000, 0x0000000100000000)
  eden space 281088K, 0% used [0x00000000e0000000,0x00000000e0000000,0x00000000f1280000)
  from space 59392K, 99% used [0x00000000f1280000,0x00000000f4c7bfe8,0x00000000f4c80000)
  to   space 48128K, 0% used [0x00000000f4c80000,0x00000000f4c80000,0x00000000f7b80000)
 ParOldGen       total 293376K, used 101872K [0x00000000a0000000, 0x00000000b1e80000, 0x00000000e0000000)
  object space 293376K, 34% used [0x00000000a0000000,0x00000000a637c1a0,0x00000000b1e80000)
 Metaspace       used 126061K, capacity 133124K, committed 133592K, reserved 1167360K
  class space    used 15272K, capacity 16489K, committed 16640K, reserved 1048576K
}
Event: 28351.434 GC heap before
{Heap before GC invocations=135 (full 5):
 PSYoungGen      total 340480K, used 340463K [0x00000000e0000000, 0x00000000f8f80000, 0x0000000100000000)
  eden space 281088K, 100% used [0x00000000e0000000,0x00000000f1280000,0x00000000f1280000)
  from space 59392K, 99% used [0x00000000f1280000,0x00000000f4c7bfe8,0x00000000f4c80000)
  to   space 48128K, 0% used [0x00000000f4c80000,0x00000000f4c80000,0x00000000f7b80000)
 ParOldGen       total 293376K, used 101872K [0x00000000a0000000, 0x00000000b1e80000, 0x00000000e0000000)
  object space 293376K, 34% used [0x00000000a0000000,0x00000000a637c1a0,0x00000000b1e80000)
 Metaspace       used 126111K, capacity 133224K, committed 133592K, reserved 1167360K
  class space    used 15275K, capacity 16495K, committed 16640K, reserved 1048576K
Event: 28351.513 GC heap after
Heap after GC invocations=135 (full 5):
 PSYoungGen      total 329216K, used 48101K [0x00000000e0000000, 0x00000000f8f80000, 0x0000000100000000)
  eden space 281088K, 0% used [0x00000000e0000000,0x00000000e0000000,0x00000000f1280000)
  from space 48128K, 99% used [0x00000000f4c80000,0x00000000f7b79608,0x00000000f7b80000)
  to   space 59392K, 0% used [0x00000000f1280000,0x00000000f1280000,0x00000000f4c80000)
 ParOldGen       total 293376K, used 149085K [0x00000000a0000000, 0x00000000b1e80000, 0x00000000e0000000)
  object space 293376K, 50% used [0x00000000a0000000,0x00000000a9197738,0x00000000b1e80000)
 Metaspace       used 126111K, capacity 133224K, committed 133592K, reserved 1167360K
  class space    used 15275K, capacity 16495K, committed 16640K, reserved 1048576K
}
Event: 28389.089 GC heap before
{Heap before GC invocations=136 (full 5):
 PSYoungGen      total 329216K, used 329189K [0x00000000e0000000, 0x00000000f8f80000, 0x0000000100000000)
  eden space 281088K, 100% used [0x00000000e0000000,0x00000000f1280000,0x00000000f1280000)
  from space 48128K, 99% used [0x00000000f4c80000,0x00000000f7b79608,0x00000000f7b80000)
  to   space 59392K, 0% used [0x00000000f1280000,0x00000000f1280000,0x00000000f4c80000)
 ParOldGen       total 293376K, used 149085K [0x00000000a0000000, 0x00000000b1e80000, 0x00000000e0000000)
  object space 293376K, 50% used [0x00000000a0000000,0x00000000a9197738,0x00000000b1e80000)
 Metaspace       used 126164K, capacity 133238K, committed 133592K, reserved 1167360K
  class space    used 15277K, capacity 16497K, committed 16640K, reserved 1048576K
Event: 28389.203 GC heap after
Heap after GC invocations=136 (full 5):
 PSYoungGen      total 340480K, used 59383K [0x00000000e0000000, 0x00000000f8f80000, 0x0000000100000000)
  eden space 281088K, 0% used [0x00000000e0000000,0x00000000e0000000,0x00000000f1280000)
  from space 59392K, 99% used [0x00000000f1280000,0x00000000f4c7dfc0,0x00000000f4c80000)
  to   space 48128K, 0% used [0x00000000f4c80000,0x00000000f4c80000,0x00000000f7b80000)
 ParOldGen       total 293376K, used 198570K [0x00000000a0000000, 0x00000000b1e80000, 0x00000000e0000000)
  object space 293376K, 67% used [0x00000000a0000000,0x00000000ac1eaba8,0x00000000b1e80000)
 Metaspace       used 126164K, capacity 133238K, committed 133592K, reserved 1167360K
  class space    used 15277K, capacity 16497K, committed 16640K, reserved 1048576K
}

Deoptimization events (10 events):
Event: 28250.276 Thread 0x0000000059f60000 Uncommon trap: reason=unstable_if action=reinterpret pc=0x0000000003b78e28 method=java.util.concurrent.ForkJoinPool.externalPush(Ljava/util/concurrent/ForkJoinTask;)V @ 52
Event: 28250.527 Thread 0x0000000059f63800 Uncommon trap: reason=bimorphic action=maybe_recompile pc=0x0000000004a64a0c method=org.gradle.internal.logging.text.AbstractStyledTextOutput.text(Ljava/lang/Object;)Lorg/gradle/internal/logging/text/StyledTextOutput; @ 11
Event: 28334.601 Thread 0x00000000602bd000 Uncommon trap: reason=bimorphic action=maybe_recompile pc=0x0000000003807fec method=com.sun.org.apache.xerces.internal.dom.ElementImpl.getAttributes()Lorg/w3c/dom/NamedNodeMap; @ 8
Event: 28398.502 Thread 0x00000000602bb800 Uncommon trap: reason=unstable_if action=reinterpret pc=0x0000000002c502f8 method=org.gradle.internal.logging.events.LogEvent.render(Lorg/gradle/internal/logging/text/StyledTextOutput;)V @ 22
Event: 28398.510 Thread 0x00000000602bb800 Uncommon trap: reason=unstable_if action=reinterpret pc=0x0000000008858044 method=org.gradle.internal.logging.sink.ProgressLogEventGenerator$Operation.complete()V @ 293
Event: 28398.510 Thread 0x0000000059f65000 Uncommon trap: reason=class_check action=maybe_recompile pc=0x0000000008829e8c method=java.io.ObjectOutputStream.writeObject0(Ljava/lang/Object;Z)V @ 240
Event: 28398.511 Thread 0x0000000059f65000 Uncommon trap: reason=class_check action=maybe_recompile pc=0x0000000008829e8c method=java.io.ObjectOutputStream.writeObject0(Ljava/lang/Object;Z)V @ 240
Event: 28398.511 Thread 0x0000000059f65000 Uncommon trap: reason=class_check action=maybe_recompile pc=0x0000000008829e8c method=java.io.ObjectOutputStream.writeObject0(Ljava/lang/Object;Z)V @ 240
Event: 28398.511 Thread 0x0000000059f65000 Uncommon trap: reason=class_check action=maybe_recompile pc=0x0000000008829e8c method=java.io.ObjectOutputStream.writeObject0(Ljava/lang/Object;Z)V @ 240
Event: 28398.627 Thread 0x0000000059f64800 Uncommon trap: reason=bimorphic action=maybe_recompile pc=0x0000000004a64a0c method=org.gradle.internal.logging.text.AbstractStyledTextOutput.text(Ljava/lang/Object;)Lorg/gradle/internal/logging/text/StyledTextOutput; @ 11

Classes redefined (0 events):
No events

Internal exceptions (10 events):
Event: 28389.266 Thread 0x000000005fb52800 Exception <a 'sun/nio/fs/WindowsException'> (0x00000000e1b79540) thrown at [D:\src\AOSP-openjdk-cygwin\jdk8u\hotspot\src\share\vm\prims\jni.cpp, line 709]
Event: 28389.272 Thread 0x000000005a620000 Exception <a 'sun/nio/fs/WindowsException'> (0x00000000e1ecce40) thrown at [D:\src\AOSP-openjdk-cygwin\jdk8u\hotspot\src\share\vm\prims\jni.cpp, line 709]
Event: 28389.285 Thread 0x000000005a61e800 Exception <a 'sun/nio/fs/WindowsException'> (0x00000000e2028a30) thrown at [D:\src\AOSP-openjdk-cygwin\jdk8u\hotspot\src\share\vm\prims\jni.cpp, line 709]
Event: 28389.323 Thread 0x000000005fb55000 Exception <a 'sun/nio/fs/WindowsException'> (0x00000000e284bc70) thrown at [D:\src\AOSP-openjdk-cygwin\jdk8u\hotspot\src\share\vm\prims\jni.cpp, line 709]
Event: 28389.699 Thread 0x000000005fb4e000 Exception <a 'sun/nio/fs/WindowsException'> (0x00000000e8a65f48) thrown at [D:\src\AOSP-openjdk-cygwin\jdk8u\hotspot\src\share\vm\prims\jni.cpp, line 709]
Event: 28390.318 Thread 0x00000000602bb800 Exception <a 'sun/nio/fs/WindowsException'> (0x00000000e8de7228) thrown at [D:\src\AOSP-openjdk-cygwin\jdk8u\hotspot\src\share\vm\prims\jni.cpp, line 709]
Event: 28398.501 Thread 0x00000000602bb800 Exception <a 'java/io/IOException'> (0x00000000e8e01b30) thrown at [D:\src\AOSP-openjdk-cygwin\jdk8u\hotspot\src\share\vm\prims\jni.cpp, line 709]
Event: 28398.511 Thread 0x0000000059f65000 Exception <a 'java/lang/NoSuchMethodError': <clinit>> (0x00000000e8dcd880) thrown at [D:\src\AOSP-openjdk-cygwin\jdk8u\hotspot\src\share\vm\prims\jni.cpp, line 1613]
Event: 28398.511 Thread 0x0000000059f65000 Exception <a 'java/lang/NoSuchMethodError': <clinit>> (0x00000000e8dcee98) thrown at [D:\src\AOSP-openjdk-cygwin\jdk8u\hotspot\src\share\vm\prims\jni.cpp, line 1613]
Event: 28398.512 Thread 0x0000000059f65000 Exception <a 'java/lang/NoSuchMethodError': <clinit>> (0x00000000e8ddb188) thrown at [D:\src\AOSP-openjdk-cygwin\jdk8u\hotspot\src\share\vm\prims\jni.cpp, line 1613]

Events (10 events):
Event: 28398.668 Executing VM operation: RevokeBias
Event: 28398.668 Executing VM operation: RevokeBias done
Event: 28398.674 Executing VM operation: RevokeBias
Event: 28398.675 Executing VM operation: RevokeBias done
Event: 28398.675 Executing VM operation: RevokeBias
Event: 28398.675 Executing VM operation: RevokeBias done
Event: 28398.675 Thread 0x00000000602b7000 Thread exited: 0x00000000602b7000
Event: 28398.675 Executing VM operation: RevokeBias
Event: 28398.675 Executing VM operation: RevokeBias done
Event: 28398.715 Executing VM operation: BulkRevokeBias


Dynamic libraries:
0x000000013f590000 - 0x000000013f5c1000 	F:\Androidstudio\as\jre\bin\java.exe
0x0000000077740000 - 0x00000000778df000 	C:\Windows\SYSTEM32\ntdll.dll
0x0000000077620000 - 0x000000007773f000 	C:\Windows\system32\kernel32.dll
0x000007fefdc40000 - 0x000007fefdcaa000 	C:\Windows\system32\KERNELBASE.dll
0x000007fefe290000 - 0x000007fefe36b000 	C:\Windows\system32\ADVAPI32.dll
0x000007fefe4a0000 - 0x000007fefe53f000 	C:\Windows\system32\msvcrt.dll
0x000007fefe250000 - 0x000007fefe26f000 	C:\Windows\SYSTEM32\sechost.dll
0x000007fefe370000 - 0x000007fefe49d000 	C:\Windows\system32\RPCRT4.dll
0x0000000077300000 - 0x00000000773fa000 	C:\Windows\system32\USER32.dll
0x000007fefe740000 - 0x000007fefe7a7000 	C:\Windows\system32\GDI32.dll
0x000007fefe270000 - 0x000007fefe27e000 	C:\Windows\system32\LPK.dll
0x000007fefdfe0000 - 0x000007fefe0ab000 	C:\Windows\system32\USP10.dll
0x000007fefc500000 - 0x000007fefc6f4000 	C:\Windows\WinSxS\amd64_microsoft.windows.common-controls_6595b64144ccf1df_6.0.7601.18837_none_fa3b1e3d17594757\COMCTL32.dll
0x000007fefebd0000 - 0x000007fefec41000 	C:\Windows\system32\SHLWAPI.dll
0x000007fefe8b0000 - 0x000007fefe8de000 	C:\Windows\system32\IMM32.DLL
0x000007fefe8e0000 - 0x000007fefe9e9000 	C:\Windows\system32\MSCTF.dll
0x000000006cc30000 - 0x000000006cd02000 	F:\Androidstudio\as\jre\jre\bin\msvcr100.dll
0x0000000055550000 - 0x0000000055d91000 	F:\Androidstudio\as\jre\jre\bin\server\jvm.dll
0x000007fefa230000 - 0x000007fefa239000 	C:\Windows\system32\WSOCK32.dll
0x000007fefec50000 - 0x000007fefec9d000 	C:\Windows\system32\WS2_32.dll
0x000007fefe280000 - 0x000007fefe288000 	C:\Windows\system32\NSI.dll
0x000007fefb710000 - 0x000007fefb74b000 	C:\Windows\system32\WINMM.dll
0x000007fefccc0000 - 0x000007fefcccc000 	C:\Windows\system32\VERSION.dll
0x00000000778e0000 - 0x00000000778e7000 	C:\Windows\system32\PSAPI.DLL
0x000007fef1210000 - 0x000007fef121f000 	F:\Androidstudio\as\jre\jre\bin\verify.dll
0x000007feebc90000 - 0x000007feebcb9000 	F:\Androidstudio\as\jre\jre\bin\java.dll
0x000007feebc70000 - 0x000007feebc86000 	F:\Androidstudio\as\jre\jre\bin\zip.dll
0x000007fefeca0000 - 0x000007feffa2b000 	C:\Windows\system32\SHELL32.dll
0x000007fefe540000 - 0x000007fefe73f000 	C:\Windows\system32\ole32.dll
0x000007fefdb90000 - 0x000007fefdb9f000 	C:\Windows\system32\profapi.dll
0x000007feebc50000 - 0x000007feebc6a000 	F:\Androidstudio\as\jre\jre\bin\net.dll
0x000007fefd450000 - 0x000007fefd4a5000 	C:\Windows\system32\mswsock.dll
0x000007fefd400000 - 0x000007fefd407000 	C:\Windows\System32\wship6.dll
0x000007feebc30000 - 0x000007feebc41000 	F:\Androidstudio\as\jre\jre\bin\nio.dll
0x000007fefbcb0000 - 0x000007fefbcce000 	C:\Users\Administrator\.gradle\native\25\windows-amd64\native-platform.dll
0x000007feebc20000 - 0x000007feebc2d000 	F:\Androidstudio\as\jre\jre\bin\management.dll
0x000007fefd4b0000 - 0x000007fefd4c8000 	C:\Windows\system32\CRYPTSP.dll
0x000007fefd0b0000 - 0x000007fefd0f7000 	C:\Windows\system32\rsaenh.dll
0x000007fefce90000 - 0x000007fefceae000 	C:\Windows\system32\USERENV.dll
0x000007fefdac0000 - 0x000007fefdacf000 	C:\Windows\system32\CRYPTBASE.dll
0x000007fefb980000 - 0x000007fefb9a7000 	C:\Windows\system32\IPHLPAPI.DLL
0x000007fefb970000 - 0x000007fefb97b000 	C:\Windows\system32\WINNSI.DLL
0x000007fefb1a0000 - 0x000007fefb1b1000 	C:\Windows\system32\dhcpcsvc6.DLL
0x000007fefb180000 - 0x000007fefb198000 	C:\Windows\system32\dhcpcsvc.DLL
0x000007fefda20000 - 0x000007fefda77000 	C:\Windows\system32\apphelp.dll
0x000007fee6520000 - 0x000007fee6544000 	F:\Androidstudio\as\jre\jre\bin\sunec.dll
0x000007fefcfc0000 - 0x000007fefcfc7000 	C:\Windows\System32\wshtcpip.dll
0x000007fefd160000 - 0x000007fefd1bb000 	C:\Windows\system32\DNSAPI.dll
0x000007fef1070000 - 0x000007fef1078000 	C:\Windows\system32\rasadhlp.dll
0x000007fefb220000 - 0x000007fefb273000 	C:\Windows\System32\fwpuclnt.dll
0x000007fee88a0000 - 0x000007fee88ab000 	F:\Androidstudio\as\jre\jre\bin\sunmscapi.dll
0x000007fefdd10000 - 0x000007fefde7d000 	C:\Windows\system32\CRYPT32.dll
0x000007fefdc30000 - 0x000007fefdc3f000 	C:\Windows\system32\MSASN1.dll
0x000007fee6910000 - 0x000007fee6aa8000 	F:\Androidstudio\as\jre\jre\bin\awt.dll
0x000007fefe170000 - 0x000007fefe24a000 	C:\Windows\system32\OLEAUT32.dll
0x000007feebb30000 - 0x000007feebc12000 	C:\Windows\system32\d2d1.dll
0x000007fefc2a0000 - 0x000007fefc2b8000 	C:\Windows\system32\DWMAPI.DLL

VM Arguments:
jvm_args: -Xmx1536m -Dfile.encoding=GBK -Duser.country=CN -Duser.language=zh -Duser.variant 
java_command: org.gradle.launcher.daemon.bootstrap.GradleDaemon 5.1.1
java_class_path (initial): C:\Users\Administrator\.gradle\wrapper\dists\gradle-5.1.1-all\97z1ksx6lirer3kbvdnh7jtjg\gradle-5.1.1\lib\gradle-launcher-5.1.1.jar
Launcher Type: SUN_STANDARD

Environment Variables:
JAVA_HOME=F:\jdk1.80
CLASSPATH=.;F:\jdk1.80\lib;
PATH=F:\jdk1.80\bin;I:\apktool\ApkTool;;G:\egret wing\Egret Wing 3\bin
USERNAME=Administrator
OS=Windows_NT
PROCESSOR_IDENTIFIER=Intel64 Family 6 Model 42 Stepping 7, GenuineIntel



---------------  S Y S T E M  ---------------

OS: Windows 7 , 64 bit Build 7601 (6.1.7601.24308)

CPU:total 4 (initial active 4) (4 cores per cpu, 1 threads per core) family 6 model 42 stepping 7, cmov, cx8, fxsr, mmx, sse, sse2, sse3, ssse3, sse4.1, sse4.2, popcnt, avx, aes, clmul, tsc, tscinvbit

Memory: 4k page, physical 8356700k(874944k free), swap 8356700k(5108k free)

vm_info: OpenJDK 64-Bit Server VM (25.152-b01) for windows-amd64 JRE (1.8.0_152-release-1343-b01), built by "builder" with MS VC++ 10.0 (VS2010)

time: Tue Jun 11 17:17:15 2019
elapsed time: 28398 seconds (0d 7h 53m 18s)

